<?xml version="1.0" encoding="UTF-8"?>
<testng-results ignored="0" total="1" passed="1" failed="0" skipped="0">
  <reporter-output>
  </reporter-output>
  <suite started-at="2022-06-26T17:31:17 PKT" name="Default suite" finished-at="2022-06-26T17:31:20 PKT" duration-ms="3080">
    <groups>
    </groups>
    <test started-at="2022-06-26T17:31:17 PKT" name="Default test" finished-at="2022-06-26T17:31:20 PKT" duration-ms="3080">
      <class name="Tests.TestLocalApi">
        <test-method signature="TestDelete()[pri:0, instance:Tests.TestLocalApi@55f616cf]" started-at="2022-06-26T17:31:17 PKT" name="TestDelete" finished-at="2022-06-26T17:31:20 PKT" duration-ms="2989" status="PASS">
          <reporter-output>
          </reporter-output>
        </test-method> <!-- TestDelete -->
      </class> <!-- Tests.TestLocalApi -->
    </test> <!-- Default test -->
  </suite> <!-- Default suite -->
</testng-results>
